C51 COMPILER V9.60.0.0   TOGGLELEDS                                                        06/02/2020 15:03:59 PAGE 1   


C51 COMPILER V9.60.0.0, COMPILATION OF MODULE TOGGLELEDS
OBJECT MODULE PLACED IN .\Objects\ToggleLeds.obj
COMPILER INVOKED BY: C:\Keil_v5\C51\BIN\C51.EXE ToggleLeds.C OPTIMIZE(8,SPEED) BROWSE DEBUG OBJECTEXTEND PRINT(.\Listing
                    -s\ToggleLeds.lst) TABS(2) OBJECT(.\Objects\ToggleLeds.obj)

line level    source

   1          #include<reg51.h>
   2          void main ()
   3          {
   4   1      unsigned char x,y;
   5   1      unsigned int i;
   6   1      P1=0x00; //output configuration
   7   1      while(1) 
   8   1        {
   9   2        x=0x01; //00000001 b
  10   2        for(y=0;y<8;y++)
  11   2          {
  12   3           P1 = x;
  13   3            for(i=0;i<60000;i++);
  14   3            x=x<<1;
  15   3          }
  16   2        } 
  17   1      }


MODULE INFORMATION:   STATIC OVERLAYABLE
   CODE SIZE        =     58    ----
   CONSTANT SIZE    =   ----    ----
   XDATA SIZE       =   ----    ----
   PDATA SIZE       =   ----    ----
   DATA SIZE        =   ----       2
   IDATA SIZE       =   ----    ----
   BIT SIZE         =   ----    ----
END OF MODULE INFORMATION.


C51 COMPILATION COMPLETE.  0 WARNING(S),  0 ERROR(S)
